
# There is insufficient memory for the Java Runtime Environment to continue.
# Native memory allocation (mmap) failed to map 264241152 bytes. Error detail: G1 virtual space
# Possible reasons:
#   The system is out of physical RAM or swap space
#   This process is running with CompressedOops enabled, and the Java Heap may be blocking the growth of the native heap
# Possible solutions:
#   Reduce memory load on the system
#   Increase physical memory or swap space
#   Check if swap backing store is full
#   Decrease Java heap size (-Xmx/-Xms)
#   Decrease number of Java threads
#   Decrease Java thread stack sizes (-Xss)
#   Set larger code cache with -XX:ReservedCodeCacheSize=
#   JVM is running with Zero Based Compressed Oops mode in which the Java heap is
#     placed in the first 32GB address space. The Java Heap base address is the
#     maximum limit for the native heap growth. Please use -XX:HeapBaseMinAddress
#     to set the Java Heap base and to place the Java Heap above 32GB virtual address.
# This output file may be truncated or incomplete.
#
#  Out of Memory Error (os_windows.cpp:3898), pid=24204, tid=19180
#
# JRE version:  (21.0.6+9) (build )
# Java VM: OpenJDK 64-Bit Server VM (21.0.6+9-b895.109, mixed mode, sharing, tiered, compressed oops, compressed class ptrs, g1 gc, windows-amd64)
# No core dump will be written. Minidumps are not enabled by default on client versions of Windows
#

---------------  S U M M A R Y ------------

Command Line: git4idea.http.GitAskPassApp Username for 'https://gitlab.com': 

Host: 12th Gen Intel(R) Core(TM) i5-12450H, 12 cores, 15G,  Windows 11 , 64 bit Build 26100 (10.0.26100.3912)
Time: Tue Jun 10 23:04:48 2025 SE Asia Standard Time elapsed time: 1.088978 seconds (0d 0h 0m 1s)

---------------  T H R E A D  ---------------

Current thread (0x000001e815861c70):  JavaThread "Unknown thread" [_thread_in_vm, id=19180, stack(0x0000002711700000,0x0000002711800000) (1024K)]

Stack: [0x0000002711700000,0x0000002711800000]
Native frames: (J=compiled Java code, j=interpreted, Vv=VM code, C=native code)
V  [jvm.dll+0x6e5cb9]
V  [jvm.dll+0x8c4113]
V  [jvm.dll+0x8c666e]
V  [jvm.dll+0x8c6d53]
V  [jvm.dll+0x288f76]
V  [jvm.dll+0x6e2575]
V  [jvm.dll+0x6d602a]
V  [jvm.dll+0x3635db]
V  [jvm.dll+0x36b1a6]
V  [jvm.dll+0x3bd4f6]
V  [jvm.dll+0x3bd7c8]
V  [jvm.dll+0x335d2c]
V  [jvm.dll+0x336a1b]
V  [jvm.dll+0x88b569]
V  [jvm.dll+0x3ca6c8]
V  [jvm.dll+0x8745b8]
V  [jvm.dll+0x45f0de]
V  [jvm.dll+0x460dc1]
C  [jli.dll+0x52ab]
C  [ucrtbase.dll+0x37b0]
C  [KERNEL32.DLL+0x2e8d7]
C  [ntdll.dll+0x9c5dc]


---------------  P R O C E S S  ---------------

Threads class SMR info:
_java_thread_list=0x00007ffd04eda148, length=0, elements={
}

Java Threads: ( => current thread )
Total: 0

Other Threads:
  0x000001e817d71fb0 WorkerThread "GC Thread#0"                     [id=6528, stack(0x0000002711800000,0x0000002711900000) (1024K)]
  0x000001e817d839b0 ConcurrentGCThread "G1 Main Marker"            [id=8944, stack(0x0000002711900000,0x0000002711a00000) (1024K)]
  0x000001e817d85330 WorkerThread "G1 Conc#0"                       [id=26988, stack(0x0000002711a00000,0x0000002711b00000) (1024K)]

[error occurred during error reporting (printing all threads), id 0xc0000005, EXCEPTION_ACCESS_VIOLATION (0xc0000005) at pc=0x00007ffd045c8e07]
VM state: not at safepoint (not fully initialized)

VM Mutex/Monitor currently owned by a thread:  ([mutex/lock_event])
[0x00007ffd04f4eb30] Heap_lock - owner thread: 0x000001e815861c70

Heap address: 0x0000000705e00000, size: 4002 MB, Compressed Oops mode: Zero based, Oop shift amount: 3

CDS archive(s) mapped at: [0x0000000000000000-0x0000000000000000-0x0000000000000000), size 0, SharedBaseAddress: 0x0000000800000000, ArchiveRelocationMode: 1.
Narrow klass base: 0x0000000000000000, Narrow klass shift: 0, Narrow klass range: 0x0

GC Precious Log:
 CardTable entry size: 512
 Card Set container configuration: InlinePtr #cards 4 size 8 Array Of Cards #cards 16 size 48 Howl #buckets 8 coarsen threshold 3686 Howl Bitmap #cards 512 size 80 coarsen threshold 460 Card regions per heap region 1 cards per card region 4096

Heap:
 garbage-first heap   total 0K, used 0K [0x0000000705e00000, 0x0000000800000000)
  region size 2048K, 0 young (0K), 0 survivors (0K)
 Metaspace       used 0K, committed 0K, reserved 0K
  class space    used 0K, committed 0K, reserved 0K

Heap Regions: E=young(eden), S=young(survivor), O=old, HS=humongous(starts), HC=humongous(continues), CS=collection set, F=free, TAMS=top-at-mark-start, PB=parsable bottom

Card table byte_map: [0x000001e82ba80000,0x000001e82c260000] _byte_map_base: 0x000001e828251000

Marking Bits: (CMBitMap*) 0x000001e817d726b0
 Bits: [0x000001e82c260000, 0x000001e8300e8000)

GC Heap History (0 events):
No events

Dll operation events (1 events):
Event: 0.007 Loaded shared library D:\IntelliJ IDEA 2025.1.1.1\jbr\bin\java.dll

Deoptimization events (0 events):
No events

Classes loaded (0 events):
No events

Classes unloaded (0 events):
No events

Classes redefined (0 events):
No events

Internal exceptions (0 events):
No events

ZGC Phase Switch (0 events):
No events

VM Operations (0 events):
No events

Memory protections (0 events):
No events

Nmethod flushes (0 events):
No events

Events (0 events):
No events


Dynamic libraries:
0x00007ff6d4940000 - 0x00007ff6d494a000 	D:\IntelliJ IDEA 2025.1.1.1\jbr\bin\java.exe
0x00007ffd83ec0000 - 0x00007ffd84126000 	C:\WINDOWS\SYSTEM32\ntdll.dll
0x00007ffd82e50000 - 0x00007ffd82f19000 	C:\WINDOWS\System32\KERNEL32.DLL
0x00007ffd81530000 - 0x00007ffd818fc000 	C:\WINDOWS\System32\KERNELBASE.dll
0x00007ffd81050000 - 0x00007ffd8119b000 	C:\WINDOWS\System32\ucrtbase.dll
0x00007ffd6aac0000 - 0x00007ffd6aad8000 	D:\IntelliJ IDEA 2025.1.1.1\jbr\bin\jli.dll
0x00007ffd72fb0000 - 0x00007ffd72fcb000 	D:\IntelliJ IDEA 2025.1.1.1\jbr\bin\VCRUNTIME140.dll
0x00007ffd83b80000 - 0x00007ffd83d4a000 	C:\WINDOWS\System32\USER32.dll
0x00007ffd81c50000 - 0x00007ffd81c77000 	C:\WINDOWS\System32\win32u.dll
0x00007ffd63260000 - 0x00007ffd634fa000 	C:\WINDOWS\WinSxS\amd64_microsoft.windows.common-controls_6595b64144ccf1df_6.0.26100.3912_none_3e07963ce335137e\COMCTL32.dll
0x00007ffd82100000 - 0x00007ffd8212b000 	C:\WINDOWS\System32\GDI32.dll
0x00007ffd82050000 - 0x00007ffd820f9000 	C:\WINDOWS\System32\msvcrt.dll
0x00007ffd819c0000 - 0x00007ffd81af2000 	C:\WINDOWS\System32\gdi32full.dll
0x00007ffd81ba0000 - 0x00007ffd81c43000 	C:\WINDOWS\System32\msvcp_win.dll
0x00007ffd82230000 - 0x00007ffd82260000 	C:\WINDOWS\System32\IMM32.DLL
0x00007ffd7d770000 - 0x00007ffd7d77c000 	D:\IntelliJ IDEA 2025.1.1.1\jbr\bin\vcruntime140_1.dll
0x00007ffd36110000 - 0x00007ffd3619d000 	D:\IntelliJ IDEA 2025.1.1.1\jbr\bin\msvcp140.dll
0x00007ffd04280000 - 0x00007ffd05041000 	D:\IntelliJ IDEA 2025.1.1.1\jbr\bin\server\jvm.dll
0x00007ffd83770000 - 0x00007ffd83822000 	C:\WINDOWS\System32\ADVAPI32.dll
0x00007ffd836c0000 - 0x00007ffd83766000 	C:\WINDOWS\System32\sechost.dll
0x00007ffd83040000 - 0x00007ffd83156000 	C:\WINDOWS\System32\RPCRT4.dll
0x00007ffd83d50000 - 0x00007ffd83dc4000 	C:\WINDOWS\System32\WS2_32.dll
0x00007ffd80790000 - 0x00007ffd807ee000 	C:\WINDOWS\SYSTEM32\POWRPROF.dll
0x00007ffd73d40000 - 0x00007ffd73d76000 	C:\WINDOWS\SYSTEM32\WINMM.dll
0x00007ffd79300000 - 0x00007ffd7930b000 	C:\WINDOWS\SYSTEM32\VERSION.dll
0x00007ffd80720000 - 0x00007ffd80734000 	C:\WINDOWS\SYSTEM32\UMPDC.dll
0x00007ffd7fe10000 - 0x00007ffd7fe2a000 	C:\WINDOWS\SYSTEM32\kernel.appcore.dll
0x00007ffd7d760000 - 0x00007ffd7d76a000 	D:\IntelliJ IDEA 2025.1.1.1\jbr\bin\jimage.dll
0x00007ffd7e710000 - 0x00007ffd7e951000 	C:\WINDOWS\SYSTEM32\DBGHELP.DLL
0x00007ffd81c90000 - 0x00007ffd82014000 	C:\WINDOWS\System32\combase.dll
0x00007ffd82f50000 - 0x00007ffd83030000 	C:\WINDOWS\System32\OLEAUT32.dll
0x00007ffd5f3e0000 - 0x00007ffd5f419000 	C:\WINDOWS\SYSTEM32\dbgcore.DLL
0x00007ffd81b00000 - 0x00007ffd81b99000 	C:\WINDOWS\System32\bcryptPrimitives.dll
0x00007ffd72db0000 - 0x00007ffd72dd0000 	D:\IntelliJ IDEA 2025.1.1.1\jbr\bin\java.dll

dbghelp: loaded successfully - version: 4.0.5 - missing functions: none
symbol engine: initialized successfully - sym options: 0x614 - pdb path: .;D:\IntelliJ IDEA 2025.1.1.1\jbr\bin;C:\WINDOWS\SYSTEM32;C:\WINDOWS\WinSxS\amd64_microsoft.windows.common-controls_6595b64144ccf1df_6.0.26100.3912_none_3e07963ce335137e;D:\IntelliJ IDEA 2025.1.1.1\jbr\bin\server

VM Arguments:
java_command: git4idea.http.GitAskPassApp Username for 'https://gitlab.com': 
java_class_path (initial): D:/IntelliJ IDEA 2025.1.1.1/plugins/vcs-git/lib/git4idea-rt.jar;D:/IntelliJ IDEA 2025.1.1.1/lib/externalProcess-rt.jar
Launcher Type: SUN_STANDARD

[Global flags]
     intx CICompilerCount                          = 4                                         {product} {ergonomic}
     uint ConcGCThreads                            = 3                                         {product} {ergonomic}
     uint G1ConcRefinementThreads                  = 10                                        {product} {ergonomic}
   size_t G1HeapRegionSize                         = 2097152                                   {product} {ergonomic}
    uintx GCDrainStackTargetSize                   = 64                                        {product} {ergonomic}
   size_t InitialHeapSize                          = 264241152                                 {product} {ergonomic}
   size_t MarkStackSize                            = 4194304                                   {product} {ergonomic}
   size_t MaxHeapSize                              = 4196401152                                {product} {ergonomic}
   size_t MinHeapDeltaBytes                        = 2097152                                   {product} {ergonomic}
   size_t MinHeapSize                              = 8388608                                   {product} {ergonomic}
    uintx NonNMethodCodeHeapSize                   = 5839372                                {pd product} {ergonomic}
    uintx NonProfiledCodeHeapSize                  = 122909434                              {pd product} {ergonomic}
    uintx ProfiledCodeHeapSize                     = 122909434                              {pd product} {ergonomic}
    uintx ReservedCodeCacheSize                    = 251658240                              {pd product} {ergonomic}
     bool SegmentedCodeCache                       = true                                      {product} {ergonomic}
   size_t SoftMaxHeapSize                          = 4196401152                             {manageable} {ergonomic}
     bool UseCompressedOops                        = true                           {product lp64_product} {ergonomic}
     bool UseG1GC                                  = true                                      {product} {ergonomic}
     bool UseLargePagesIndividualAllocation        = false                                  {pd product} {ergonomic}

Logging:
Log output configuration:
 #0: stdout all=warning uptime,level,tags foldmultilines=false
 #1: stderr all=off uptime,level,tags foldmultilines=false

Environment Variables:
JAVA_HOME=C:\Program Files\Microsoft\jdk-21.0.7.6-hotspot\
PATH=D:\Git\mingw64\libexec\git-core;D:\Git\mingw64\libexec\git-core;D:\Git\mingw64\bin;D:\Git\usr\bin;C:\Users\admin\bin;C:\Program Files\Microsoft\jdk-21.0.7.6-hotspot\bin;C:\Program Files\Common Files\Oracle\Java\javapath;C:\Program Files\Microsoft\jdk-11.0.16.101-hotspot\bin;C:\ProgramData\Oracle\Java\javapath;C:\Windows\system32;C:\Windows;C:\Windows\System32\Wbem;C:\Windows\System32\WindowsPowerShell\v1.0;C:\Windows\System32\OpenSSH;C:\Program Files (x86)\NVIDIA Corporation\PhysX\Common;C:\Program Files\dotnet;C:\Program Files (x86)\dotnet;C:\WINDOWS\system32;C:\WINDOWS;C:\WINDOWS\System32\Wbem;C:\WINDOWS\System32\WindowsPowerShell\v1.0;C:\WINDOWS\System32\OpenSSH;C:\Program Files\Microsoft SQL Server\Client SDK\ODBC\170\Tools\Binn;C:\Program Files\Cloudflare\Cloudflare WARP;D:\Git\cmd;C:\Program Files\NVIDIA Corporation\NVIDIA app\NvDLISR;C:\Program Files\nodejs;C:\ProgramData\chocolatey\bin;C:\ProgramData\chocolatey\lib\maven\apache-maven-3.9.9\bin;C:\Program Files\Docker\Docker\resources\bin;H:\Python\Scripts;H:\Python;C:\Users\admin\AppData\Local\Microsoft\WindowsApps;C:\Users\admin\.dotnet\tools;E:\Microsoft VS Code\bin;C:\Users\admin\AppData\Local\GitHubDesktop\bin;C:\Program Files\Azure Data Studio\bin;D:\IntelliJ IDEA 2025.1.1.1\bin;C:\Users\admin\AppData\Roaming\npm
USERNAME=admin
DISPLAY=:0.0
LC_ALL=en_US.UTF-8
TERM=xterm-256color
TMPDIR=C:\Users\admin\AppData\Local\Temp
OS=Windows_NT
PROCESSOR_IDENTIFIER=Intel64 Family 6 Model 154 Stepping 3, GenuineIntel
TMP=C:\Users\admin\AppData\Local\Temp
TEMP=C:\Users\admin\AppData\Local\Temp




Periodic native trim disabled

JNI global refs:
JNI global refs: 0, weak refs: 0

JNI global refs memory usage: 0, weak refs: 0

Process memory usage:
Resident Set Size: 13524K (0% of 16389052K total physical memory with 1736136K free physical memory)

OOME stack traces (most recent first):
Classloader memory used:

---------------  S Y S T E M  ---------------

OS:
 Windows 11 , 64 bit Build 26100 (10.0.26100.3912)
OS uptime: 0 days 9:59 hours
Hyper-V role detected

CPU: total 12 (initial active 12) (6 cores per cpu, 2 threads per core) family 6 model 154 stepping 3 microcode 0x429, cx8, cmov, fxsr, ht, mmx, 3dnowpref, sse, sse2, sse3, ssse3, sse4.1, sse4.2, popcnt, lzcnt, tsc, tscinvbit, avx, avx2, aes, erms, clmul, bmi1, bmi2, adx, sha, fma, vzeroupper, clflush, clflushopt, clwb, hv, serialize, rdtscp, rdpid, fsrm, f16c, cet_ibt, cet_ss
Processor Information for the first 12 processors :
  Max Mhz: 2000, Current Mhz: 2000, Mhz Limit: 2000

Memory: 4k page, system-wide physical 16004M (1695M free)
TotalPageFile size 38801M (AvailPageFile size 132M)
current process WorkingSet (physical memory assigned to process): 13M, peak: 13M
current process commit charge ("private bytes"): 64M, peak: 316M

vm_info: OpenJDK 64-Bit Server VM (21.0.6+9-b895.109) for windows-amd64 JRE (21.0.6+9-b895.109), built on 2025-03-26 by "builduser" with MS VC++ 16.10 / 16.11 (VS2019)

END.
